<?xml version="1.0" encoding="UTF-8"?>
<testsuite name="FizzBuzzTest" tests="6" skipped="0" failures="0" errors="0" timestamp="2016-04-18T18:52:55" hostname="Varan-The-Unbelievable.local" time="0.002">
  <properties/>
  <testcase name="returnsOneifGivenOnes" classname="FizzBuzzTest" time="0.001"/>
  <testcase name="returnsBuzzifGivenTen" classname="FizzBuzzTest" time="0.0"/>
  <testcase name="returnsFizzBuzzifGivenSixty" classname="FizzBuzzTest" time="0.0"/>
  <testcase name="returnsTwoifGivenTwo" classname="FizzBuzzTest" time="0.0"/>
  <testcase name="returnsFizzifGivenSix" classname="FizzBuzzTest" time="0.001"/>
  <testcase name="returnsFizzifGivenThree" classname="FizzBuzzTest" time="0.0"/>
  <system-out><![CDATA[]]></system-out>
  <system-err><![CDATA[]]></system-err>
</testsuite>
