<?xml version="1.0" encoding="UTF-8"?>
<testsuite name="BabySitterTest" tests="4" skipped="0" failures="0" errors="0" timestamp="2016-04-21T17:25:22" hostname="Varan-The-Unbelievable.local" time="0.001">
  <properties/>
  <testcase name="returns_true_if_end_time_before_28" classname="BabySitterTest" time="0.001"/>
  <testcase name="gets_paid_12_an_hour_from_start_to_bed" classname="BabySitterTest" time="0.0"/>
  <testcase name="returns_false_if_start_time_before_17" classname="BabySitterTest" time="0.0"/>
  <testcase name="returns_true_if_start_time_17_or_after" classname="BabySitterTest" time="0.0"/>
  <system-out><![CDATA[]]></system-out>
  <system-err><![CDATA[]]></system-err>
</testsuite>
