<?xml version="1.0" encoding="UTF-8"?>
<testsuite name="BabySitterTest" tests="10" skipped="0" failures="0" errors="0" timestamp="2016-04-25T19:30:52" hostname="Varan-The-Unbelievable.local" time="0.045">
  <properties/>
  <testcase name="test_salary_end_to_end" classname="BabySitterTest" time="0.042"/>
  <testcase name="returns_true_if_end_time_before_28" classname="BabySitterTest" time="0.0"/>
  <testcase name="returns_false_if_end_time_after_28" classname="BabySitterTest" time="0.0"/>
  <testcase name="test_invalid_end_times_return_0_salary" classname="BabySitterTest" time="0.0"/>
  <testcase name="gets_paid_12_an_hour_from_start_to_bed" classname="BabySitterTest" time="0.001"/>
  <testcase name="gets_paid_16_an_hour_from_mid_to_end" classname="BabySitterTest" time="0.0"/>
  <testcase name="returns_false_if_start_time_before_17" classname="BabySitterTest" time="0.0"/>
  <testcase name="returns_true_if_start_time_17_or_after" classname="BabySitterTest" time="0.0"/>
  <testcase name="test_invalid_start_times_return_0_salary" classname="BabySitterTest" time="0.0"/>
  <testcase name="gets_paid_8_an_hour_from_bed_to_mid" classname="BabySitterTest" time="0.0"/>
  <system-out><![CDATA[]]></system-out>
  <system-err><![CDATA[]]></system-err>
</testsuite>
