<?xml version="1.0" encoding="UTF-8"?>
<testsuite name="BabySitterTest" tests="1" skipped="0" failures="0" errors="0" timestamp="2016-04-19T14:56:34" hostname="Varan-The-Unbelievable.local" time="0.001">
  <properties/>
  <testcase name="StartsNoEarlierThan5" classname="BabySitterTest" time="0.001"/>
  <system-out><![CDATA[]]></system-out>
  <system-err><![CDATA[]]></system-err>
</testsuite>
